<?xml version="1.0" encoding="UTF-8"?>
<!-- Generated by org.testng.reporters.JUnitReportReporter -->
<testsuite hostname="LAPTOP-T26GV3SH" failures="0" tests="1" name="test.Demo" time="0.006" errors="0" timestamp="2024-06-22T18:29:09 IST" skipped="0">
  <testcase classname="test.Demo" name="test" time="0.006"/>
  <system-out/>
</testsuite> <!-- test.Demo -->
